<?xml version="1.0" encoding="UTF-8"?>
<testsuite name="com.bridgelabz.userregistration.UserRegistrationTest" tests="4" skipped="0" failures="0" errors="0" timestamp="2020-04-03T05:04:24" hostname="ubuntu" time="0.008">
  <properties/>
  <testcase name="firstNameTest" classname="com.bridgelabz.userregistration.UserRegistrationTest" time="0.004"/>
  <testcase name="phoneNumberTest" classname="com.bridgelabz.userregistration.UserRegistrationTest" time="0.001"/>
  <testcase name="lastNameTest" classname="com.bridgelabz.userregistration.UserRegistrationTest" time="0.001"/>
  <testcase name="passwordTest" classname="com.bridgelabz.userregistration.UserRegistrationTest" time="0.001"/>
  <system-out><![CDATA[]]></system-out>
  <system-err><![CDATA[]]></system-err>
</testsuite>
