<?xml version="1.0" encoding="UTF-8"?>
<testsuite name="com.bridgelabz.userregistration.UserRegistrationTest" tests="1" skipped="0" failures="0" errors="0" timestamp="2020-04-02T09:03:30" hostname="ubuntu" time="0.005">
  <properties/>
  <testcase name="firstNameTest" classname="com.bridgelabz.userregistration.UserRegistrationTest" time="0.005"/>
  <system-out><![CDATA[]]></system-out>
  <system-err><![CDATA[]]></system-err>
</testsuite>
